[18-Jun-2015 22:31:11 Asia/Katmandu] PHP Notice:  Undefined variable: pageImage in /var/www/clients/client100/web274/web/js/main.php on line 93
[18-Jun-2015 22:31:11 Asia/Katmandu] PHP Notice:  Undefined variable: pageLinkType in /var/www/clients/client100/web274/web/js/main.php on line 94
[21-Jun-2015 14:50:42 Asia/Katmandu] PHP Notice:  Undefined variable: pageImage in /var/www/clients/client100/web274/web/js/main.php on line 93
[21-Jun-2015 14:50:42 Asia/Katmandu] PHP Notice:  Undefined variable: pageLinkType in /var/www/clients/client100/web274/web/js/main.php on line 94
[21-Jun-2015 15:27:25 Asia/Katmandu] PHP Notice:  Undefined variable: pageImage in /var/www/clients/client100/web274/web/js/main.php on line 93
[21-Jun-2015 15:27:25 Asia/Katmandu] PHP Notice:  Undefined variable: pageLinkType in /var/www/clients/client100/web274/web/js/main.php on line 94
[21-Jun-2015 16:30:45 Asia/Katmandu] PHP Notice:  Undefined variable: pageImage in /var/www/clients/client100/web274/web/js/main.php on line 93
[21-Jun-2015 16:30:45 Asia/Katmandu] PHP Notice:  Undefined variable: pageLinkType in /var/www/clients/client100/web274/web/js/main.php on line 94
[22-Jun-2015 06:14:12 Asia/Katmandu] PHP Notice:  Undefined variable: pageImage in /var/www/clients/client100/web274/web/js/main.php on line 93
[22-Jun-2015 06:14:12 Asia/Katmandu] PHP Notice:  Undefined variable: pageLinkType in /var/www/clients/client100/web274/web/js/main.php on line 94
[24-Jun-2015 21:51:03 Asia/Katmandu] PHP Notice:  Undefined variable: pageImage in /var/www/clients/client100/web274/web/js/main.php on line 93
[24-Jun-2015 21:51:03 Asia/Katmandu] PHP Notice:  Undefined variable: pageLinkType in /var/www/clients/client100/web274/web/js/main.php on line 94
[06-Jul-2015 14:09:04 Asia/Katmandu] PHP Notice:  Undefined variable: pageImage in /var/www/clients/client100/web274/web/js/main.php on line 93
[06-Jul-2015 14:09:04 Asia/Katmandu] PHP Notice:  Undefined variable: pageLinkType in /var/www/clients/client100/web274/web/js/main.php on line 94
[11-Aug-2015 01:52:49 Asia/Katmandu] PHP Notice:  Undefined variable: pageImage in /var/www/clients/client100/web274/web/js/main.php on line 93
[11-Aug-2015 01:52:49 Asia/Katmandu] PHP Notice:  Undefined variable: pageLinkType in /var/www/clients/client100/web274/web/js/main.php on line 94
[31-Aug-2015 19:03:02 Asia/Katmandu] PHP Notice:  Undefined variable: pageImage in /var/www/clients/client100/web274/web/js/main.php on line 93
[31-Aug-2015 19:03:02 Asia/Katmandu] PHP Notice:  Undefined variable: pageLinkType in /var/www/clients/client100/web274/web/js/main.php on line 94
[16-Sep-2015 07:00:44 Asia/Katmandu] PHP Notice:  Undefined variable: pageImage in /var/www/clients/client100/web274/web/js/main.php on line 93
[16-Sep-2015 07:00:44 Asia/Katmandu] PHP Notice:  Undefined variable: pageLinkType in /var/www/clients/client100/web274/web/js/main.php on line 94
[21-Oct-2015 23:56:25 Asia/Katmandu] PHP Notice:  Undefined variable: pageImage in /var/www/clients/client100/web274/web/js/main.php on line 93
[21-Oct-2015 23:56:25 Asia/Katmandu] PHP Notice:  Undefined variable: pageLinkType in /var/www/clients/client100/web274/web/js/main.php on line 94
[25-Nov-2015 05:03:16 Asia/Katmandu] PHP Notice:  Undefined variable: pageImage in /var/www/clients/client100/web274/web/js/main.php on line 93
[25-Nov-2015 05:03:16 Asia/Katmandu] PHP Notice:  Undefined variable: pageLinkType in /var/www/clients/client100/web274/web/js/main.php on line 94
[01-Dec-2015 04:12:06 Asia/Katmandu] PHP Notice:  Undefined variable: pageImage in /var/www/clients/client100/web274/web/js/main.php on line 93
[01-Dec-2015 04:12:06 Asia/Katmandu] PHP Notice:  Undefined variable: pageLinkType in /var/www/clients/client100/web274/web/js/main.php on line 94
[09-Dec-2015 02:11:25 Asia/Katmandu] PHP Notice:  Undefined variable: pageImage in /var/www/clients/client100/web274/web/js/main.php on line 93
[09-Dec-2015 02:11:25 Asia/Katmandu] PHP Notice:  Undefined variable: pageLinkType in /var/www/clients/client100/web274/web/js/main.php on line 94
[12-Jan-2016 11:58:43 Asia/Katmandu] PHP Notice:  Undefined variable: pageImage in /var/www/clients/client100/web274/web/js/main.php on line 93
[12-Jan-2016 11:58:43 Asia/Katmandu] PHP Notice:  Undefined variable: pageLinkType in /var/www/clients/client100/web274/web/js/main.php on line 94
[21-Jan-2016 10:42:09 Asia/Katmandu] PHP Notice:  Undefined variable: pageImage in /var/www/clients/client100/web274/web/js/main.php on line 93
[21-Jan-2016 10:42:09 Asia/Katmandu] PHP Notice:  Undefined variable: pageLinkType in /var/www/clients/client100/web274/web/js/main.php on line 94
[27-Feb-2016 03:58:36 Asia/Katmandu] PHP Notice:  Undefined variable: pageImage in /var/www/clients/client100/web274/web/js/main.php on line 93
[27-Feb-2016 03:58:36 Asia/Katmandu] PHP Notice:  Undefined variable: pageLinkType in /var/www/clients/client100/web274/web/js/main.php on line 94
[31-Mar-2016 01:43:45 Asia/Katmandu] PHP Notice:  Undefined variable: pageImage in /var/www/clients/client100/web274/web/js/main.php on line 93
[31-Mar-2016 01:43:45 Asia/Katmandu] PHP Notice:  Undefined variable: pageLinkType in /var/www/clients/client100/web274/web/js/main.php on line 94
[04-May-2016 04:23:47 Asia/Katmandu] PHP Notice:  Undefined variable: pageImage in /var/www/clients/client100/web274/web/js/main.php on line 93
[04-May-2016 04:23:47 Asia/Katmandu] PHP Notice:  Undefined variable: pageLinkType in /var/www/clients/client100/web274/web/js/main.php on line 94
[04-May-2016 06:35:21 Asia/Katmandu] PHP Notice:  Undefined variable: pageImage in /var/www/clients/client100/web274/web/js/main.php on line 93
[04-May-2016 06:35:21 Asia/Katmandu] PHP Notice:  Undefined variable: pageLinkType in /var/www/clients/client100/web274/web/js/main.php on line 94
[04-May-2016 06:47:40 Asia/Katmandu] PHP Notice:  Undefined variable: pageImage in /var/www/clients/client100/web274/web/js/main.php on line 93
[04-May-2016 06:47:40 Asia/Katmandu] PHP Notice:  Undefined variable: pageLinkType in /var/www/clients/client100/web274/web/js/main.php on line 94
[08-May-2016 22:06:44 Asia/Katmandu] PHP Notice:  Undefined variable: pageImage in /var/www/clients/client100/web274/web/js/main.php on line 93
[08-May-2016 22:06:44 Asia/Katmandu] PHP Notice:  Undefined variable: pageLinkType in /var/www/clients/client100/web274/web/js/main.php on line 94
[09-Jun-2016 23:34:40 Asia/Katmandu] PHP Notice:  Undefined variable: pageImage in /var/www/clients/client100/web274/web/js/main.php on line 93
[09-Jun-2016 23:34:40 Asia/Katmandu] PHP Notice:  Undefined variable: pageLinkType in /var/www/clients/client100/web274/web/js/main.php on line 94
[13-Jun-2016 14:12:15 Asia/Katmandu] PHP Notice:  Undefined variable: pageImage in /var/www/clients/client100/web274/web/js/main.php on line 93
[13-Jun-2016 14:12:15 Asia/Katmandu] PHP Notice:  Undefined variable: pageLinkType in /var/www/clients/client100/web274/web/js/main.php on line 94
[21-Jul-2016 21:07:33 Asia/Katmandu] PHP Notice:  Undefined variable: pageImage in /var/www/clients/client100/web274/web/js/main.php on line 93
[21-Jul-2016 21:07:33 Asia/Katmandu] PHP Notice:  Undefined variable: pageLinkType in /var/www/clients/client100/web274/web/js/main.php on line 94
[23-Aug-2016 22:35:49 Asia/Katmandu] PHP Notice:  Undefined variable: pageImage in /var/www/clients/client100/web274/web/js/main.php on line 93
[23-Aug-2016 22:35:49 Asia/Katmandu] PHP Notice:  Undefined variable: pageLinkType in /var/www/clients/client100/web274/web/js/main.php on line 94
[04-Sep-2016 05:56:06 Asia/Katmandu] PHP Notice:  Undefined variable: pageImage in /var/www/clients/client100/web274/web/js/main.php on line 93
[04-Sep-2016 05:56:06 Asia/Katmandu] PHP Notice:  Undefined variable: pageLinkType in /var/www/clients/client100/web274/web/js/main.php on line 94
[05-Oct-2016 03:30:17 Asia/Katmandu] PHP Notice:  Undefined variable: pageImage in /var/www/clients/client100/web274/web/js/main.php on line 93
[05-Oct-2016 03:30:17 Asia/Katmandu] PHP Notice:  Undefined variable: pageLinkType in /var/www/clients/client100/web274/web/js/main.php on line 94
[06-Nov-2016 04:57:57 Asia/Katmandu] PHP Notice:  Undefined variable: pageImage in /var/www/clients/client100/web274/web/js/main.php on line 93
[06-Nov-2016 04:57:57 Asia/Katmandu] PHP Notice:  Undefined variable: pageLinkType in /var/www/clients/client100/web274/web/js/main.php on line 94
[09-Dec-2016 02:31:54 Asia/Katmandu] PHP Notice:  Undefined variable: pageImage in /var/www/clients/client100/web274/web/js/main.php on line 93
[09-Dec-2016 02:31:54 Asia/Katmandu] PHP Notice:  Undefined variable: pageLinkType in /var/www/clients/client100/web274/web/js/main.php on line 94
[12-Jan-2017 15:23:41 Asia/Katmandu] PHP Notice:  Undefined variable: pageImage in /var/www/clients/client100/web274/web/js/main.php on line 93
[12-Jan-2017 15:23:41 Asia/Katmandu] PHP Notice:  Undefined variable: pageLinkType in /var/www/clients/client100/web274/web/js/main.php on line 94
[24-Feb-2017 22:58:56 Asia/Katmandu] PHP Notice:  Undefined variable: pageImage in /var/www/clients/client100/web274/web/js/main.php on line 93
[24-Feb-2017 22:58:56 Asia/Katmandu] PHP Notice:  Undefined variable: pageLinkType in /var/www/clients/client100/web274/web/js/main.php on line 94
[08-Apr-2017 21:53:37 Asia/Katmandu] PHP Notice:  Undefined variable: pageImage in /var/www/clients/client100/web274/web/js/main.php on line 93
[08-Apr-2017 21:53:37 Asia/Katmandu] PHP Notice:  Undefined variable: pageLinkType in /var/www/clients/client100/web274/web/js/main.php on line 94
[20-May-2017 00:26:17 Asia/Katmandu] PHP Notice:  Undefined variable: pageImage in /var/www/clients/client100/web274/web/js/main.php on line 93
[20-May-2017 00:26:17 Asia/Katmandu] PHP Notice:  Undefined variable: pageLinkType in /var/www/clients/client100/web274/web/js/main.php on line 94
[02-Jun-2017 06:54:06 Asia/Katmandu] PHP Notice:  Undefined variable: pageImage in /var/www/clients/client100/web274/web/js/main.php on line 93
[02-Jun-2017 06:54:06 Asia/Katmandu] PHP Notice:  Undefined variable: pageLinkType in /var/www/clients/client100/web274/web/js/main.php on line 94
[02-Aug-2017 09:46:20 Asia/Katmandu] PHP Notice:  Undefined variable: pageImage in /var/www/clients/client100/web274/web/js/main.php on line 93
[02-Aug-2017 09:46:20 Asia/Katmandu] PHP Notice:  Undefined variable: pageLinkType in /var/www/clients/client100/web274/web/js/main.php on line 94
[02-Oct-2017 07:01:47 Asia/Katmandu] PHP Notice:  Undefined variable: pageImage in /var/www/clients/client100/web274/web/js/main.php on line 93
[02-Oct-2017 07:01:47 Asia/Katmandu] PHP Notice:  Undefined variable: pageLinkType in /var/www/clients/client100/web274/web/js/main.php on line 94
[15-Nov-2017 23:44:45 Asia/Katmandu] PHP Notice:  Undefined variable: pageImage in /var/www/clients/client100/web274/web/js/main.php on line 93
[15-Nov-2017 23:44:45 Asia/Katmandu] PHP Notice:  Undefined variable: pageLinkType in /var/www/clients/client100/web274/web/js/main.php on line 94
