[18-Jun-2015 22:31:11 Asia/Katmandu] PHP Notice:  Undefined variable: pageImage in /var/www/clients/client100/web274/web/js/main.php on line 93
[18-Jun-2015 22:31:11 Asia/Katmandu] PHP Notice:  Undefined variable: pageLinkType in /var/www/clients/client100/web274/web/js/main.php on line 94
[21-Jun-2015 14:50:42 Asia/Katmandu] PHP Notice:  Undefined variable: pageImage in /var/www/clients/client100/web274/web/js/main.php on line 93
[21-Jun-2015 14:50:42 Asia/Katmandu] PHP Notice:  Undefined variable: pageLinkType in /var/www/clients/client100/web274/web/js/main.php on line 94
[21-Jun-2015 15:27:25 Asia/Katmandu] PHP Notice:  Undefined variable: pageImage in /var/www/clients/client100/web274/web/js/main.php on line 93
[21-Jun-2015 15:27:25 Asia/Katmandu] PHP Notice:  Undefined variable: pageLinkType in /var/www/clients/client100/web274/web/js/main.php on line 94
[21-Jun-2015 16:30:45 Asia/Katmandu] PHP Notice:  Undefined variable: pageImage in /var/www/clients/client100/web274/web/js/main.php on line 93
[21-Jun-2015 16:30:45 Asia/Katmandu] PHP Notice:  Undefined variable: pageLinkType in /var/www/clients/client100/web274/web/js/main.php on line 94
[22-Jun-2015 06:14:12 Asia/Katmandu] PHP Notice:  Undefined variable: pageImage in /var/www/clients/client100/web274/web/js/main.php on line 93
[22-Jun-2015 06:14:12 Asia/Katmandu] PHP Notice:  Undefined variable: pageLinkType in /var/www/clients/client100/web274/web/js/main.php on line 94
[24-Jun-2015 21:51:03 Asia/Katmandu] PHP Notice:  Undefined variable: pageImage in /var/www/clients/client100/web274/web/js/main.php on line 93
[24-Jun-2015 21:51:03 Asia/Katmandu] PHP Notice:  Undefined variable: pageLinkType in /var/www/clients/client100/web274/web/js/main.php on line 94
[06-Jul-2015 14:09:04 Asia/Katmandu] PHP Notice:  Undefined variable: pageImage in /var/www/clients/client100/web274/web/js/main.php on line 93
[06-Jul-2015 14:09:04 Asia/Katmandu] PHP Notice:  Undefined variable: pageLinkType in /var/www/clients/client100/web274/web/js/main.php on line 94
[11-Aug-2015 01:52:49 Asia/Katmandu] PHP Notice:  Undefined variable: pageImage in /var/www/clients/client100/web274/web/js/main.php on line 93
[11-Aug-2015 01:52:49 Asia/Katmandu] PHP Notice:  Undefined variable: pageLinkType in /var/www/clients/client100/web274/web/js/main.php on line 94
[31-Aug-2015 19:03:02 Asia/Katmandu] PHP Notice:  Undefined variable: pageImage in /var/www/clients/client100/web274/web/js/main.php on line 93
[31-Aug-2015 19:03:02 Asia/Katmandu] PHP Notice:  Undefined variable: pageLinkType in /var/www/clients/client100/web274/web/js/main.php on line 94
[16-Sep-2015 07:00:44 Asia/Katmandu] PHP Notice:  Undefined variable: pageImage in /var/www/clients/client100/web274/web/js/main.php on line 93
[16-Sep-2015 07:00:44 Asia/Katmandu] PHP Notice:  Undefined variable: pageLinkType in /var/www/clients/client100/web274/web/js/main.php on line 94
[21-Oct-2015 23:56:25 Asia/Katmandu] PHP Notice:  Undefined variable: pageImage in /var/www/clients/client100/web274/web/js/main.php on line 93
[21-Oct-2015 23:56:25 Asia/Katmandu] PHP Notice:  Undefined variable: pageLinkType in /var/www/clients/client100/web274/web/js/main.php on line 94
[25-Nov-2015 05:03:16 Asia/Katmandu] PHP Notice:  Undefined variable: pageImage in /var/www/clients/client100/web274/web/js/main.php on line 93
[25-Nov-2015 05:03:16 Asia/Katmandu] PHP Notice:  Undefined variable: pageLinkType in /var/www/clients/client100/web274/web/js/main.php on line 94
[01-Dec-2015 04:12:06 Asia/Katmandu] PHP Notice:  Undefined variable: pageImage in /var/www/clients/client100/web274/web/js/main.php on line 93
[01-Dec-2015 04:12:06 Asia/Katmandu] PHP Notice:  Undefined variable: pageLinkType in /var/www/clients/client100/web274/web/js/main.php on line 94
[09-Dec-2015 02:11:25 Asia/Katmandu] PHP Notice:  Undefined variable: pageImage in /var/www/clients/client100/web274/web/js/main.php on line 93
[09-Dec-2015 02:11:25 Asia/Katmandu] PHP Notice:  Undefined variable: pageLinkType in /var/www/clients/client100/web274/web/js/main.php on line 94
[12-Jan-2016 11:58:43 Asia/Katmandu] PHP Notice:  Undefined variable: pageImage in /var/www/clients/client100/web274/web/js/main.php on line 93
[12-Jan-2016 11:58:43 Asia/Katmandu] PHP Notice:  Undefined variable: pageLinkType in /var/www/clients/client100/web274/web/js/main.php on line 94
[21-Jan-2016 10:42:09 Asia/Katmandu] PHP Notice:  Undefined variable: pageImage in /var/www/clients/client100/web274/web/js/main.php on line 93
[21-Jan-2016 10:42:09 Asia/Katmandu] PHP Notice:  Undefined variable: pageLinkType in /var/www/clients/client100/web274/web/js/main.php on line 94
[27-Feb-2016 03:58:36 Asia/Katmandu] PHP Notice:  Undefined variable: pageImage in /var/www/clients/client100/web274/web/js/main.php on line 93
[27-Feb-2016 03:58:36 Asia/Katmandu] PHP Notice:  Undefined variable: pageLinkType in /var/www/clients/client100/web274/web/js/main.php on line 94
[31-Mar-2016 04:19:42 Asia/Katmandu] PHP Notice:  Undefined variable: pageImage in /var/www/clients/client100/web274/web/nepali/js/main.php on line 93
[31-Mar-2016 04:19:42 Asia/Katmandu] PHP Notice:  Undefined variable: pageLinkType in /var/www/clients/client100/web274/web/nepali/js/main.php on line 94
[02-May-2016 22:07:42 Asia/Katmandu] PHP Notice:  Undefined variable: pageImage in /var/www/clients/client100/web274/web/nepali/js/main.php on line 93
[02-May-2016 22:07:42 Asia/Katmandu] PHP Notice:  Undefined variable: pageLinkType in /var/www/clients/client100/web274/web/nepali/js/main.php on line 94
[03-May-2016 01:56:50 Asia/Katmandu] PHP Notice:  Undefined variable: pageImage in /var/www/clients/client100/web274/web/nepali/js/main.php on line 93
[03-May-2016 01:56:50 Asia/Katmandu] PHP Notice:  Undefined variable: pageLinkType in /var/www/clients/client100/web274/web/nepali/js/main.php on line 94
[03-May-2016 06:50:42 Asia/Katmandu] PHP Notice:  Undefined variable: pageImage in /var/www/clients/client100/web274/web/nepali/js/main.php on line 93
[03-May-2016 06:50:42 Asia/Katmandu] PHP Notice:  Undefined variable: pageLinkType in /var/www/clients/client100/web274/web/nepali/js/main.php on line 94
[16-Jun-2016 21:35:02 Asia/Katmandu] PHP Notice:  Undefined variable: pageImage in /var/www/clients/client100/web274/web/nepali/js/main.php on line 93
[16-Jun-2016 21:35:03 Asia/Katmandu] PHP Notice:  Undefined variable: pageLinkType in /var/www/clients/client100/web274/web/nepali/js/main.php on line 94
[22-Jul-2016 22:45:50 Asia/Katmandu] PHP Notice:  Undefined variable: pageImage in /var/www/clients/client100/web274/web/nepali/js/main.php on line 93
[22-Jul-2016 22:45:50 Asia/Katmandu] PHP Notice:  Undefined variable: pageLinkType in /var/www/clients/client100/web274/web/nepali/js/main.php on line 94
[22-Jul-2016 22:45:55 Asia/Katmandu] PHP Notice:  Undefined variable: pageImage in /var/www/clients/client100/web274/web/nepali/js/main.php on line 93
[22-Jul-2016 22:45:55 Asia/Katmandu] PHP Notice:  Undefined variable: pageLinkType in /var/www/clients/client100/web274/web/nepali/js/main.php on line 94
[19-Sep-2016 00:24:44 Asia/Katmandu] PHP Notice:  Undefined variable: pageImage in /var/www/clients/client100/web274/web/nepali/js/main.php on line 93
[19-Sep-2016 00:24:44 Asia/Katmandu] PHP Notice:  Undefined variable: pageLinkType in /var/www/clients/client100/web274/web/nepali/js/main.php on line 94
[18-Oct-2016 03:14:46 Asia/Katmandu] PHP Notice:  Undefined variable: pageImage in /var/www/clients/client100/web274/web/nepali/js/main.php on line 93
[18-Oct-2016 03:14:46 Asia/Katmandu] PHP Notice:  Undefined variable: pageLinkType in /var/www/clients/client100/web274/web/nepali/js/main.php on line 94
[02-Dec-2016 17:25:16 Asia/Katmandu] PHP Notice:  Undefined variable: pageImage in /var/www/clients/client100/web274/web/nepali/js/main.php on line 93
[02-Dec-2016 17:25:16 Asia/Katmandu] PHP Notice:  Undefined variable: pageLinkType in /var/www/clients/client100/web274/web/nepali/js/main.php on line 94
[12-Jan-2017 15:23:41 Asia/Katmandu] PHP Notice:  Undefined variable: pageImage in /var/www/clients/client100/web274/web/nepali/js/main.php on line 93
[12-Jan-2017 15:23:41 Asia/Katmandu] PHP Notice:  Undefined variable: pageLinkType in /var/www/clients/client100/web274/web/nepali/js/main.php on line 94
[21-May-2017 23:34:43 Asia/Katmandu] PHP Notice:  Undefined variable: pageImage in /var/www/clients/client100/web274/web/nepali/js/main.php on line 93
[21-May-2017 23:34:43 Asia/Katmandu] PHP Notice:  Undefined variable: pageLinkType in /var/www/clients/client100/web274/web/nepali/js/main.php on line 94
[27-May-2017 19:35:42 Asia/Katmandu] PHP Notice:  Undefined variable: pageImage in /var/www/clients/client100/web274/web/nepali/js/main.php on line 93
[27-May-2017 19:35:43 Asia/Katmandu] PHP Notice:  Undefined variable: pageLinkType in /var/www/clients/client100/web274/web/nepali/js/main.php on line 94
[08-Aug-2017 18:27:54 Asia/Katmandu] PHP Notice:  Undefined variable: pageImage in /var/www/clients/client100/web274/web/nepali/js/main.php on line 93
[08-Aug-2017 18:27:54 Asia/Katmandu] PHP Notice:  Undefined variable: pageLinkType in /var/www/clients/client100/web274/web/nepali/js/main.php on line 94
[20-Oct-2017 14:20:37 Asia/Katmandu] PHP Notice:  Undefined variable: pageImage in /var/www/clients/client100/web274/web/nepali/js/main.php on line 93
[20-Oct-2017 14:20:37 Asia/Katmandu] PHP Notice:  Undefined variable: pageLinkType in /var/www/clients/client100/web274/web/nepali/js/main.php on line 94
